[2026-02-22 16:34:02] get_user_vehicles.php: start URI=/automall%20proj/backend/api/get_user_vehicles.php?page=1&limit=50
[2026-02-22 16:34:02] get_user_vehicles.php: user_id=4 role=Customer
[2026-02-22 16:34:02] get_user_vehicles.php: rows=0
[2026-02-22 16:35:01] get_user_vehicles.php: start URI=/automall%20proj/backend/api/get_user_vehicles.php?page=1&limit=50
[2026-02-22 16:35:01] get_user_vehicles.php: user_id=1 role=Admin
[2026-02-22 16:35:01] get_user_vehicles.php: rows=1
[2026-02-22 16:35:03] get_user_vehicles.php: start URI=/automall%20proj/backend/api/get_user_vehicles.php?page=1&limit=50
[2026-02-22 16:35:03] get_user_vehicles.php: user_id=1 role=Admin
[2026-02-22 16:35:03] get_user_vehicles.php: rows=1
[2026-02-22 16:35:51] get_user_vehicles.php: start URI=/automall%20proj/backend/api/get_user_vehicles.php?page=1&limit=50
[2026-02-22 16:35:51] get_user_vehicles.php: user_id=2 role=Staff
[2026-02-22 16:35:51] get_user_vehicles.php: rows=1
[2026-02-22 16:36:22] get_user_vehicles.php: start URI=/automall%20proj/backend/api/get_user_vehicles.php?page=1&limit=50
[2026-02-22 16:36:22] get_user_vehicles.php: user_id=2 role=Staff
[2026-02-22 16:36:22] get_user_vehicles.php: rows=1
[2026-02-25 08:15:22] get_user_vehicles.php: start URI=/automall%20proj/backend/api/get_user_vehicles.php?page=1&limit=50
[2026-02-25 08:15:22] get_user_vehicles.php: user_id=5 role=Customer
[2026-02-25 08:15:22] get_user_vehicles.php: rows=0
[2026-02-25 08:19:24] get_user_vehicles.php: start URI=/automall%20proj/backend/api/get_user_vehicles.php?page=1&limit=50
[2026-02-25 08:19:24] get_user_vehicles.php: user_id=5 role=Customer
[2026-02-25 08:19:24] get_user_vehicles.php: rows=0
[2026-02-25 08:30:09] get_user_vehicles.php: start URI=/automall%20proj/backend/api/get_user_vehicles.php?page=1&limit=50
[2026-02-25 08:30:09] get_user_vehicles.php: user_id=5 role=Customer
[2026-02-25 08:30:09] get_user_vehicles.php: rows=0
[2026-02-25 08:31:55] get_user_vehicles.php: start URI=/automall%20proj/backend/api/get_user_vehicles.php?page=1&limit=50
[2026-02-25 08:31:55] get_user_vehicles.php: user_id=5 role=Customer
[2026-02-25 08:31:55] get_user_vehicles.php: rows=0
[2026-02-25 08:32:11] get_user_vehicles.php: start URI=/automall%20proj/backend/api/get_user_vehicles.php?page=1&limit=50
[2026-02-25 08:32:11] get_user_vehicles.php: user_id=5 role=Customer
[2026-02-25 08:32:11] get_user_vehicles.php: rows=0
[2026-02-25 08:32:12] get_user_vehicles.php: start URI=/automall%20proj/backend/api/get_user_vehicles.php?page=1&limit=50
[2026-02-25 08:32:12] get_user_vehicles.php: user_id=5 role=Customer
[2026-02-25 08:32:12] get_user_vehicles.php: rows=0
[2026-02-25 08:32:12] get_user_vehicles.php: start URI=/automall%20proj/backend/api/get_user_vehicles.php?page=1&limit=50
[2026-02-25 08:32:12] get_user_vehicles.php: user_id=5 role=Customer
[2026-02-25 08:32:12] get_user_vehicles.php: rows=0
[2026-02-25 08:32:12] get_user_vehicles.php: start URI=/automall%20proj/backend/api/get_user_vehicles.php?page=1&limit=50
[2026-02-25 08:32:12] get_user_vehicles.php: user_id=5 role=Customer
[2026-02-25 08:32:12] get_user_vehicles.php: rows=0
[2026-02-25 08:32:13] get_user_vehicles.php: start URI=/automall%20proj/backend/api/get_user_vehicles.php?page=1&limit=50
[2026-02-25 08:32:13] get_user_vehicles.php: user_id=5 role=Customer
[2026-02-25 08:32:13] get_user_vehicles.php: rows=0
[2026-02-25 08:32:13] get_user_vehicles.php: start URI=/automall%20proj/backend/api/get_user_vehicles.php?page=1&limit=50
[2026-02-25 08:32:13] get_user_vehicles.php: user_id=5 role=Customer
[2026-02-25 08:32:13] get_user_vehicles.php: rows=0
[2026-02-25 08:32:13] get_user_vehicles.php: start URI=/automall%20proj/backend/api/get_user_vehicles.php?page=1&limit=50
[2026-02-25 08:32:13] get_user_vehicles.php: user_id=5 role=Customer
[2026-02-25 08:32:13] get_user_vehicles.php: rows=0
[2026-02-25 08:32:14] get_user_vehicles.php: start URI=/automall%20proj/backend/api/get_user_vehicles.php?page=1&limit=50
[2026-02-25 08:32:14] get_user_vehicles.php: user_id=5 role=Customer
[2026-02-25 08:32:14] get_user_vehicles.php: rows=0
[2026-02-25 08:33:15] get_user_vehicles.php: start URI=/automall%20proj/backend/api/get_user_vehicles.php?page=1&limit=50
[2026-02-25 08:33:15] get_user_vehicles.php: user_id=5 role=Customer
[2026-02-25 08:33:15] get_user_vehicles.php: rows=0
[2026-02-25 08:39:08] get_user_vehicles.php: start URI=/automall%20proj/backend/api/get_user_vehicles.php?page=1&limit=50
[2026-02-25 08:39:08] get_user_vehicles.php: user_id=5 role=Customer
[2026-02-25 08:39:08] get_user_vehicles.php: rows=0
[2026-02-25 08:39:09] get_user_vehicles.php: start URI=/automall%20proj/backend/api/get_user_vehicles.php?page=1&limit=50
[2026-02-25 08:39:09] get_user_vehicles.php: user_id=5 role=Customer
[2026-02-25 08:39:09] get_user_vehicles.php: rows=0
[2026-02-25 08:39:09] get_user_vehicles.php: start URI=/automall%20proj/backend/api/get_user_vehicles.php?page=1&limit=50
[2026-02-25 08:39:09] get_user_vehicles.php: user_id=5 role=Customer
[2026-02-25 08:39:09] get_user_vehicles.php: rows=0
[2026-02-25 08:39:09] get_user_vehicles.php: start URI=/automall%20proj/backend/api/get_user_vehicles.php?page=1&limit=50
[2026-02-25 08:39:09] get_user_vehicles.php: user_id=5 role=Customer
[2026-02-25 08:39:09] get_user_vehicles.php: rows=0
[2026-02-25 08:39:24] get_user_vehicles.php: start URI=/automall%20proj/backend/api/get_user_vehicles.php?page=1&limit=50
[2026-02-25 08:39:24] get_user_vehicles.php: user_id=5 role=Customer
[2026-02-25 08:39:24] get_user_vehicles.php: rows=0
[2026-02-25 08:39:28] get_user_vehicles.php: start URI=/automall%20proj/backend/api/get_user_vehicles.php?page=1&limit=50
[2026-02-25 08:39:28] get_user_vehicles.php: user_id=5 role=Customer
[2026-02-25 08:39:28] get_user_vehicles.php: rows=0
[2026-02-25 08:42:33] get_user_vehicles.php: start URI=/automall%20proj/backend/api/get_user_vehicles.php?page=1&limit=50
[2026-02-25 08:42:33] get_user_vehicles.php: user_id=5 role=Customer
[2026-02-25 08:42:33] get_user_vehicles.php: rows=0
[2026-02-25 08:47:51] get_user_vehicles.php: start URI=/automall%20proj/backend/api/get_user_vehicles.php?page=1&limit=50
[2026-02-25 08:47:51] get_user_vehicles.php: user_id=5 role=Customer
[2026-02-25 08:47:51] get_user_vehicles.php: rows=0
[2026-02-25 08:50:23] get_user_vehicles.php: start URI=/automall%20proj/backend/api/get_user_vehicles.php?page=1&limit=50
[2026-02-25 08:50:23] get_user_vehicles.php: user_id=5 role=Customer
[2026-02-25 08:50:23] get_user_vehicles.php: rows=0
[2026-02-25 08:52:30] get_user_vehicles.php: start URI=/automall%20proj/backend/api/get_user_vehicles.php?page=1&limit=50
[2026-02-25 08:52:30] get_user_vehicles.php: user_id=5 role=Customer
[2026-02-25 08:52:30] get_user_vehicles.php: rows=0
[2026-02-25 08:52:52] get_user_vehicles.php: start URI=/automall%20proj/backend/api/get_user_vehicles.php?page=1&limit=1
[2026-02-25 08:52:52] get_user_vehicles.php: user_id=5 role=Customer
[2026-02-25 08:52:52] get_user_vehicles.php: rows=1
[2026-02-25 08:52:52] get_user_vehicles.php: start URI=/automall%20proj/backend/api/get_user_vehicles.php?page=1&limit=50
[2026-02-25 08:52:52] get_user_vehicles.php: user_id=5 role=Customer
[2026-02-25 08:52:52] get_user_vehicles.php: rows=1
[2026-02-25 09:26:48] get_user_vehicles.php: start URI=/automall%20proj/backend/api/get_user_vehicles.php?page=1&limit=50
[2026-02-25 09:26:48] get_user_vehicles.php: user_id=5 role=Customer
[2026-02-25 09:26:48] get_user_vehicles.php: rows=1
[2026-02-25 09:28:30] get_user_vehicles.php: start URI=/automall%20proj/backend/api/get_user_vehicles.php?page=1&limit=50
[2026-02-25 09:28:30] get_user_vehicles.php: user_id=5 role=Customer
[2026-02-25 09:28:30] get_user_vehicles.php: rows=1
[2026-02-25 09:32:24] get_user_vehicles.php: start URI=/automall%20proj/backend/api/get_user_vehicles.php?page=1&limit=50
[2026-02-25 09:32:24] get_user_vehicles.php: user_id=5 role=Customer
[2026-02-25 09:32:24] get_user_vehicles.php: rows=1
[2026-02-25 09:36:10] get_user_vehicles.php: start URI=/automall%20proj/backend/api/get_user_vehicles.php?page=1&limit=50
[2026-02-25 09:36:10] get_user_vehicles.php: user_id=5 role=Customer
[2026-02-25 09:36:10] get_user_vehicles.php: rows=1
[2026-02-25 09:42:05] get_user_vehicles.php: start URI=/automall%20proj/backend/api/get_user_vehicles.php?page=1&limit=50
[2026-02-25 09:42:05] get_user_vehicles.php: user_id=5 role=Customer
[2026-02-25 09:42:05] get_user_vehicles.php: rows=1
[2026-02-25 09:43:13] get_user_vehicles.php: start URI=/automall%20proj/backend/api/get_user_vehicles.php?page=1&limit=50
[2026-02-25 09:43:13] get_user_vehicles.php: user_id=5 role=Customer
[2026-02-25 09:43:13] get_user_vehicles.php: rows=1
[2026-02-25 09:43:29] get_user_vehicles.php: start URI=/automall%20proj/backend/api/get_user_vehicles.php?page=1&limit=50
[2026-02-25 09:43:29] get_user_vehicles.php: user_id=5 role=Customer
[2026-02-25 09:43:29] get_user_vehicles.php: rows=1
[2026-02-25 09:45:13] get_user_vehicles.php: start URI=/automall%20proj/backend/api/get_user_vehicles.php?page=1&limit=50
[2026-02-25 09:45:13] get_user_vehicles.php: user_id=5 role=Customer
[2026-02-25 09:45:13] get_user_vehicles.php: rows=1
[2026-02-25 09:51:40] get_user_vehicles.php: start URI=/automall%20proj/backend/api/get_user_vehicles.php?page=1&limit=50
[2026-02-25 09:51:40] get_user_vehicles.php: user_id=5 role=Customer
[2026-02-25 09:51:40] get_user_vehicles.php: rows=1
[2026-02-25 09:58:11] get_user_vehicles.php: start URI=/automall%20proj/backend/api/get_user_vehicles.php?page=1&limit=50
[2026-02-25 09:58:11] get_user_vehicles.php: user_id=5 role=Customer
[2026-02-25 09:58:11] get_user_vehicles.php: rows=1
[2026-02-25 10:01:15] get_user_vehicles.php: start URI=/automall%20proj/backend/api/get_user_vehicles.php?page=1&limit=50
[2026-02-25 10:01:15] get_user_vehicles.php: user_id=5 role=Customer
[2026-02-25 10:01:15] get_user_vehicles.php: rows=1
[2026-02-25 10:08:05] get_user_vehicles.php: start URI=/automall%20proj/backend/api/get_user_vehicles.php?page=1&limit=50
[2026-02-25 10:08:05] get_user_vehicles.php: user_id=5 role=Customer
[2026-02-25 10:08:05] get_user_vehicles.php: rows=1
[2026-02-25 10:08:27] get_user_vehicles.php: start URI=/automall%20proj/backend/api/get_user_vehicles.php?page=1&limit=50
[2026-02-25 10:08:27] get_user_vehicles.php: user_id=5 role=Customer
[2026-02-25 10:08:27] get_user_vehicles.php: rows=2
[2026-02-25 10:11:38] get_user_vehicles.php: start URI=/automall%20proj/backend/api/get_user_vehicles.php?page=1&limit=50
[2026-02-25 10:11:38] get_user_vehicles.php: user_id=5 role=Customer
[2026-02-25 10:11:38] get_user_vehicles.php: rows=2
[2026-02-25 10:11:40] get_user_vehicles.php: start URI=/automall%20proj/backend/api/get_user_vehicles.php?page=1&limit=50
[2026-02-25 10:11:40] get_user_vehicles.php: user_id=5 role=Customer
[2026-02-25 10:11:40] get_user_vehicles.php: rows=2
[2026-02-25 10:12:37] get_user_vehicles.php: start URI=/automall%20proj/backend/api/get_user_vehicles.php?page=1&limit=50
[2026-02-25 10:12:37] get_user_vehicles.php: user_id=5 role=Customer
[2026-02-25 10:12:37] get_user_vehicles.php: rows=2
[2026-02-25 10:15:15] get_user_vehicles.php: start URI=/automall%20proj/backend/api/get_user_vehicles.php?page=1&limit=50
[2026-02-25 10:15:15] get_user_vehicles.php: user_id=5 role=Customer
[2026-02-25 10:15:15] get_user_vehicles.php: rows=2
[2026-02-25 10:15:18] get_user_vehicles.php: start URI=/automall%20proj/backend/api/get_user_vehicles.php?page=1&limit=50
[2026-02-25 10:15:18] get_user_vehicles.php: user_id=5 role=Customer
[2026-02-25 10:15:18] get_user_vehicles.php: rows=2
[2026-02-25 10:15:19] get_user_vehicles.php: start URI=/automall%20proj/backend/api/get_user_vehicles.php?page=1&limit=50
[2026-02-25 10:15:19] get_user_vehicles.php: user_id=5 role=Customer
[2026-02-25 10:15:19] get_user_vehicles.php: rows=2
[2026-02-25 10:15:20] get_user_vehicles.php: start URI=/automall%20proj/backend/api/get_user_vehicles.php?page=1&limit=50
[2026-02-25 10:15:20] get_user_vehicles.php: user_id=5 role=Customer
[2026-02-25 10:15:20] get_user_vehicles.php: rows=2
[2026-02-25 10:15:20] get_user_vehicles.php: start URI=/automall%20proj/backend/api/get_user_vehicles.php?page=1&limit=50
[2026-02-25 10:15:20] get_user_vehicles.php: user_id=5 role=Customer
[2026-02-25 10:15:20] get_user_vehicles.php: rows=2
[2026-02-25 10:15:20] get_user_vehicles.php: start URI=/automall%20proj/backend/api/get_user_vehicles.php?page=1&limit=50
[2026-02-25 10:15:20] get_user_vehicles.php: user_id=5 role=Customer
[2026-02-25 10:15:20] get_user_vehicles.php: rows=2
[2026-02-25 10:20:20] get_user_vehicles.php: start URI=/automall%20proj/backend/api/get_user_vehicles.php?page=1&limit=50
[2026-02-25 10:20:20] get_user_vehicles.php: user_id=5 role=Customer
[2026-02-25 10:20:20] get_user_vehicles.php: rows=2
[2026-02-25 10:32:42] get_user_vehicles.php: start URI=/automall%20proj/backend/api/get_user_vehicles.php?page=1&limit=50
[2026-02-25 10:32:42] get_user_vehicles.php: user_id=5 role=Customer
[2026-02-25 10:32:42] get_user_vehicles.php: rows=2
[2026-02-25 10:37:52] get_user_vehicles.php: start URI=/automall%20proj/backend/api/get_user_vehicles.php?page=1&limit=50
[2026-02-25 10:37:52] get_user_vehicles.php: user_id=5 role=Customer
[2026-02-25 10:37:52] get_user_vehicles.php: rows=2
[2026-02-25 10:44:54] get_user_vehicles.php: start URI=/automall%20proj/backend/api/get_user_vehicles.php?page=1&limit=50
[2026-02-25 10:44:54] get_user_vehicles.php: user_id=5 role=Customer
[2026-02-25 10:44:54] get_user_vehicles.php: rows=2
[2026-02-25 14:44:17] get_user_vehicles.php: start URI=/automall%20proj/backend/api/get_user_vehicles.php?page=1&limit=50
[2026-02-25 14:44:17] get_user_vehicles.php: user_id=6 role=Customer
[2026-02-25 14:44:17] get_user_vehicles.php: rows=0
[2026-02-25 14:46:13] get_user_vehicles.php: start URI=/automall%20proj/backend/api/get_user_vehicles.php?page=1&limit=50
[2026-02-25 14:46:13] get_user_vehicles.php: user_id=5 role=Customer
[2026-02-25 14:46:13] get_user_vehicles.php: rows=2
[2026-02-25 14:47:46] get_user_vehicles.php: start URI=/automall%20proj/backend/api/get_user_vehicles.php?page=1&limit=50
[2026-02-25 14:47:46] get_user_vehicles.php: user_id=5 role=Customer
[2026-02-25 14:47:46] get_user_vehicles.php: rows=2
[2026-02-25 15:17:03] get_user_vehicles.php: start URI=/automall%20proj/backend/api/get_user_vehicles.php?page=1&limit=50
[2026-02-25 15:17:03] get_user_vehicles.php: user_id=5 role=Customer
[2026-02-25 15:17:03] get_user_vehicles.php: rows=2
[2026-02-25 15:29:47] get_user_vehicles.php: start URI=/automall%20proj/backend/api/get_user_vehicles.php?page=1&limit=50
[2026-02-25 15:29:47] get_user_vehicles.php: user_id=6 role=Customer
[2026-02-25 15:29:47] get_user_vehicles.php: rows=0
[2026-02-25 15:30:12] get_user_vehicles.php: start URI=/automall%20proj/backend/api/get_user_vehicles.php?page=1&limit=50
[2026-02-25 15:30:12] get_user_vehicles.php: user_id=5 role=Customer
[2026-02-25 15:30:12] get_user_vehicles.php: rows=2
[2026-02-25 15:52:01] get_user_vehicles.php: start URI=/automall%20proj/backend/api/get_user_vehicles.php?page=1&limit=200
[2026-02-25 15:52:01] get_user_vehicles.php: user_id=1 role=Admin
[2026-02-25 15:52:01] get_user_vehicles.php: rows=3
[2026-02-25 15:52:01] get_user_vehicles.php: start URI=/automall%20proj/backend/api/get_user_vehicles.php?page=1&limit=200
[2026-02-25 15:52:01] get_user_vehicles.php: user_id=1 role=Admin
[2026-02-25 15:52:01] get_user_vehicles.php: rows=3
[2026-02-25 16:07:44] get_user_vehicles.php: start URI=/automall%20proj/backend/api/get_user_vehicles.php?page=1&limit=200
[2026-02-25 16:07:44] get_user_vehicles.php: user_id=1 role=Admin
[2026-02-25 16:07:44] get_user_vehicles.php: rows=3
[2026-02-25 16:07:44] get_user_vehicles.php: start URI=/automall%20proj/backend/api/get_user_vehicles.php?page=1&limit=200
[2026-02-25 16:07:44] get_user_vehicles.php: user_id=1 role=Admin
[2026-02-25 16:07:44] get_user_vehicles.php: rows=3
[2026-02-25 16:08:07] get_user_vehicles.php: start URI=/automall%20proj/backend/api/get_user_vehicles.php?page=1&limit=200
[2026-02-25 16:08:07] get_user_vehicles.php: user_id=1 role=Admin
[2026-02-25 16:08:07] get_user_vehicles.php: rows=3
[2026-02-25 16:17:50] get_user_vehicles.php: start URI=/automall%20proj/backend/api/get_user_vehicles.php?page=1&limit=200
[2026-02-25 16:17:50] get_user_vehicles.php: user_id=1 role=Admin
[2026-02-25 16:17:50] get_user_vehicles.php: rows=3
[2026-02-25 16:20:56] get_user_vehicles.php: start URI=/automall%20proj/backend/api/get_user_vehicles.php?page=1&limit=200
[2026-02-25 16:20:56] get_user_vehicles.php: user_id=1 role=Admin
[2026-02-25 16:20:56] get_user_vehicles.php: rows=3
[2026-02-25 16:35:12] get_user_vehicles.php: start URI=/automall%20proj/backend/api/get_user_vehicles.php?page=1&limit=200
[2026-02-25 16:35:12] get_user_vehicles.php: user_id=1 role=Admin
[2026-02-25 16:35:12] get_user_vehicles.php: rows=3
[2026-02-25 16:35:28] get_user_vehicles.php: start URI=/automall%20proj/backend/api/get_user_vehicles.php?page=1&limit=200
[2026-02-25 16:35:28] get_user_vehicles.php: user_id=1 role=Admin
[2026-02-25 16:35:28] get_user_vehicles.php: rows=3
[2026-02-25 16:36:17] get_user_vehicles.php: start URI=/automall%20proj/backend/api/get_user_vehicles.php?page=1&limit=200
[2026-02-25 16:36:17] get_user_vehicles.php: user_id=1 role=Admin
[2026-02-25 16:36:17] get_user_vehicles.php: rows=3
[2026-02-25 16:36:19] get_user_vehicles.php: start URI=/automall%20proj/backend/api/get_user_vehicles.php?page=1&limit=200
[2026-02-25 16:36:19] get_user_vehicles.php: user_id=1 role=Admin
[2026-02-25 16:36:19] get_user_vehicles.php: rows=3
[2026-02-25 16:36:20] get_user_vehicles.php: start URI=/automall%20proj/backend/api/get_user_vehicles.php?page=1&limit=200
[2026-02-25 16:36:20] get_user_vehicles.php: user_id=1 role=Admin
[2026-02-25 16:36:20] get_user_vehicles.php: rows=3
[2026-02-26 11:27:49] get_user_vehicles.php: start URI=/automall%20proj/backend/api/get_user_vehicles.php?page=1&limit=200
[2026-02-26 11:27:49] get_user_vehicles.php: user_id=1 role=Admin
[2026-02-26 11:27:49] get_user_vehicles.php: rows=3
[2026-02-26 11:27:52] get_user_vehicles.php: start URI=/automall%20proj/backend/api/get_user_vehicles.php?page=1&limit=200
[2026-02-26 11:27:52] get_user_vehicles.php: user_id=1 role=Admin
[2026-02-26 11:27:52] get_user_vehicles.php: rows=3
[2026-02-26 11:27:53] get_user_vehicles.php: start URI=/automall%20proj/backend/api/get_user_vehicles.php?page=1&limit=200
[2026-02-26 11:27:53] get_user_vehicles.php: user_id=1 role=Admin
[2026-02-26 11:27:53] get_user_vehicles.php: rows=3
[2026-02-26 11:27:55] get_user_vehicles.php: start URI=/automall%20proj/backend/api/get_user_vehicles.php?page=1&limit=200
[2026-02-26 11:27:55] get_user_vehicles.php: user_id=1 role=Admin
[2026-02-26 11:27:55] get_user_vehicles.php: rows=3
[2026-02-26 11:28:00] get_user_vehicles.php: start URI=/automall%20proj/backend/api/get_user_vehicles.php?page=1&limit=200
[2026-02-26 11:28:00] get_user_vehicles.php: user_id=1 role=Admin
[2026-02-26 11:28:00] get_user_vehicles.php: rows=3
[2026-02-26 12:06:08] get_user_vehicles.php: start URI=/automall%20proj/backend/api/get_user_vehicles.php?page=1&limit=200
[2026-02-26 12:06:08] get_user_vehicles.php: user_id=2 role=Staff
[2026-02-26 12:06:08] get_user_vehicles.php: rows=3
[2026-02-26 12:06:10] get_user_vehicles.php: start URI=/automall%20proj/backend/api/get_user_vehicles.php?page=1&limit=200
[2026-02-26 12:06:10] get_user_vehicles.php: user_id=2 role=Staff
[2026-02-26 12:06:10] get_user_vehicles.php: rows=3
[2026-02-26 12:06:13] get_user_vehicles.php: start URI=/automall%20proj/backend/api/get_user_vehicles.php?page=1&limit=200
[2026-02-26 12:06:13] get_user_vehicles.php: user_id=2 role=Staff
[2026-02-26 12:06:13] get_user_vehicles.php: rows=3
[2026-02-26 12:06:14] get_user_vehicles.php: start URI=/automall%20proj/backend/api/get_user_vehicles.php?page=1&limit=200
[2026-02-26 12:06:14] get_user_vehicles.php: user_id=2 role=Staff
[2026-02-26 12:06:14] get_user_vehicles.php: rows=3
[2026-02-26 12:06:19] get_user_vehicles.php: start URI=/automall%20proj/backend/api/get_user_vehicles.php?page=1&limit=200
[2026-02-26 12:06:19] get_user_vehicles.php: user_id=2 role=Staff
[2026-02-26 12:06:19] get_user_vehicles.php: rows=3
[2026-02-26 12:11:32] get_user_vehicles.php: start URI=/automall%20proj/backend/api/get_user_vehicles.php?page=1&limit=50
[2026-02-26 12:11:32] get_user_vehicles.php: user_id=6 role=Customer
[2026-02-26 12:11:32] get_user_vehicles.php: rows=0
[2026-02-26 12:28:12] get_user_vehicles.php: start URI=/automall%20proj/backend/api/get_user_vehicles.php?page=1&limit=50
[2026-02-26 12:28:12] get_user_vehicles.php: user_id=6 role=Customer
[2026-02-26 12:28:12] get_user_vehicles.php: rows=0
[2026-02-26 12:34:44] get_user_vehicles.php: start URI=/automall%20proj/backend/api/get_user_vehicles.php?page=1&limit=50
[2026-02-26 12:34:44] get_user_vehicles.php: user_id=6 role=Customer
[2026-02-26 12:34:44] get_user_vehicles.php: rows=1
[2026-02-26 12:35:31] get_user_vehicles.php: start URI=/automall%20proj/backend/api/get_user_vehicles.php?page=1&limit=200
[2026-02-26 12:35:31] get_user_vehicles.php: user_id=2 role=Staff
[2026-02-26 12:35:31] get_user_vehicles.php: rows=4
[2026-02-27 12:05:00] get_user_vehicles.php: start URI=/automall%20proj/backend/api/get_user_vehicles.php?page=1&limit=200
[2026-02-27 12:05:00] get_user_vehicles.php: user_id=2 role=Staff
[2026-02-27 12:05:00] get_user_vehicles.php: rows=4
[2026-02-27 12:07:12] get_user_vehicles.php: start URI=/automall%20proj/backend/api/get_user_vehicles.php?page=1&limit=200
[2026-02-27 12:07:12] get_user_vehicles.php: user_id=1 role=Admin
[2026-02-27 12:07:12] get_user_vehicles.php: rows=4
[2026-02-27 12:11:39] get_user_vehicles.php: start URI=/automall%20proj/backend/api/get_user_vehicles.php?page=1&limit=200
[2026-02-27 12:11:39] get_user_vehicles.php: user_id=1 role=Admin
[2026-02-27 12:11:39] get_user_vehicles.php: rows=4
[2026-02-27 12:12:10] get_user_vehicles.php: start URI=/automall%20proj/backend/api/get_user_vehicles.php?page=1&limit=200
[2026-02-27 12:12:10] get_user_vehicles.php: user_id=1 role=Admin
[2026-02-27 12:12:10] get_user_vehicles.php: rows=4
[2026-02-27 12:22:34] get_user_vehicles.php: start URI=/automall%20proj/backend/api/get_user_vehicles.php?page=1&limit=200
[2026-02-27 12:22:34] get_user_vehicles.php: user_id=1 role=Admin
[2026-02-27 12:22:34] get_user_vehicles.php: rows=4
[2026-02-27 12:22:55] get_user_vehicles.php: start URI=/automall%20proj/backend/api/get_user_vehicles.php?page=1&limit=200
[2026-02-27 12:22:55] get_user_vehicles.php: user_id=1 role=Admin
[2026-02-27 12:22:55] get_user_vehicles.php: rows=4
[2026-02-27 13:01:47] get_user_vehicles.php: start URI=/automall%20proj/backend/api/get_user_vehicles.php?page=1&limit=50
[2026-02-27 13:01:47] get_user_vehicles.php: user_id=5 role=Customer
[2026-02-27 13:01:47] get_user_vehicles.php: rows=2
[2026-02-27 13:02:37] get_user_vehicles.php: start URI=/automall%20proj/backend/api/get_user_vehicles.php?page=1&limit=200
[2026-02-27 13:02:37] get_user_vehicles.php: user_id=2 role=Staff
[2026-02-27 13:02:37] get_user_vehicles.php: rows=4
[2026-02-27 13:02:39] get_user_vehicles.php: start URI=/automall%20proj/backend/api/get_user_vehicles.php?page=1&limit=200
[2026-02-27 13:02:39] get_user_vehicles.php: user_id=2 role=Staff
[2026-02-27 13:02:39] get_user_vehicles.php: rows=4
[2026-02-27 13:04:53] get_user_vehicles.php: start URI=/automall%20proj/backend/api/get_user_vehicles.php?page=1&limit=200
[2026-02-27 13:04:53] get_user_vehicles.php: user_id=2 role=Staff
[2026-02-27 13:04:53] get_user_vehicles.php: rows=4
[2026-02-27 13:09:55] get_user_vehicles.php: start URI=/automall%20proj/backend/api/get_user_vehicles.php?page=1&limit=200
[2026-02-27 13:09:55] get_user_vehicles.php: user_id=2 role=Staff
[2026-02-27 13:09:56] get_user_vehicles.php: rows=4
[2026-02-27 13:16:07] get_user_vehicles.php: start URI=/automall%20proj/backend/api/get_user_vehicles.php?page=1&limit=200
[2026-02-27 13:16:07] get_user_vehicles.php: user_id=2 role=Staff
[2026-02-27 13:16:07] get_user_vehicles.php: rows=4
[2026-02-27 13:22:16] get_user_vehicles.php: start URI=/automall%20proj/backend/api/get_user_vehicles.php?page=1&limit=200
[2026-02-27 13:22:16] get_user_vehicles.php: user_id=2 role=Staff
[2026-02-27 13:22:16] get_user_vehicles.php: rows=4
[2026-02-27 13:23:54] get_user_vehicles.php: start URI=/automall%20proj/backend/api/get_user_vehicles.php?page=1&limit=200
[2026-02-27 13:23:54] get_user_vehicles.php: user_id=2 role=Staff
[2026-02-27 13:23:54] get_user_vehicles.php: rows=4
[2026-02-27 14:49:56] get_user_vehicles.php: start URI=/automall%20proj/backend/api/get_user_vehicles.php?page=1&limit=200
[2026-02-27 14:49:56] get_user_vehicles.php: user_id=2 role=Staff
[2026-02-27 14:49:56] get_user_vehicles.php: rows=4
[2026-02-27 15:15:04] get_user_vehicles.php: start URI=/automall%20proj/backend/api/get_user_vehicles.php?page=1&limit=200
[2026-02-27 15:15:04] get_user_vehicles.php: user_id=2 role=Staff
[2026-02-27 15:15:04] get_user_vehicles.php: rows=4
[2026-02-27 15:24:22] get_user_vehicles.php: start URI=/automall%20proj/backend/api/get_user_vehicles.php?page=1&limit=200
[2026-02-27 15:24:22] get_user_vehicles.php: user_id=2 role=Staff
[2026-02-27 15:24:22] get_user_vehicles.php: rows=4
[2026-02-27 15:26:16] get_user_vehicles.php: start URI=/automall%20proj/backend/api/get_user_vehicles.php?page=1&limit=200
[2026-02-27 15:26:16] get_user_vehicles.php: user_id=2 role=Staff
[2026-02-27 15:26:16] get_user_vehicles.php: rows=4
[2026-02-27 15:32:58] get_user_vehicles.php: start URI=/automall%20proj/backend/api/get_user_vehicles.php?page=1&limit=200
[2026-02-27 15:32:58] get_user_vehicles.php: user_id=2 role=Staff
[2026-02-27 15:32:58] get_user_vehicles.php: rows=4
[2026-02-27 15:33:00] get_user_vehicles.php: start URI=/automall%20proj/backend/api/get_user_vehicles.php?page=1&limit=200
[2026-02-27 15:33:00] get_user_vehicles.php: user_id=2 role=Staff
[2026-02-27 15:33:00] get_user_vehicles.php: rows=4
[2026-02-27 15:34:00] get_user_vehicles.php: start URI=/automall%20proj/backend/api/get_user_vehicles.php?page=1&limit=200
[2026-02-27 15:34:00] get_user_vehicles.php: user_id=2 role=Staff
[2026-02-27 15:34:00] get_user_vehicles.php: rows=4
[2026-02-27 15:35:27] get_user_vehicles.php: start URI=/automall%20proj/backend/api/get_user_vehicles.php?page=1&limit=200
[2026-02-27 15:35:27] get_user_vehicles.php: user_id=2 role=Staff
[2026-02-27 15:35:27] get_user_vehicles.php: rows=4
[2026-02-27 15:41:22] get_user_vehicles.php: start URI=/automall%20proj/backend/api/get_user_vehicles.php?page=1&limit=200
[2026-02-27 15:41:22] get_user_vehicles.php: user_id=2 role=Staff
[2026-02-27 15:41:22] get_user_vehicles.php: rows=4
[2026-02-27 15:41:28] get_user_vehicles.php: start URI=/automall%20proj/backend/api/get_user_vehicles.php?page=1&limit=200
[2026-02-27 15:41:28] get_user_vehicles.php: user_id=2 role=Staff
[2026-02-27 15:41:28] get_user_vehicles.php: rows=4
[2026-02-27 15:41:29] get_user_vehicles.php: start URI=/automall%20proj/backend/api/get_user_vehicles.php?page=1&limit=200
[2026-02-27 15:41:29] get_user_vehicles.php: user_id=2 role=Staff
[2026-02-27 15:41:29] get_user_vehicles.php: rows=4
[2026-02-27 15:42:33] get_user_vehicles.php: start URI=/automall%20proj/backend/api/get_user_vehicles.php?page=1&limit=200
[2026-02-27 15:42:33] get_user_vehicles.php: user_id=2 role=Staff
[2026-02-27 15:42:33] get_user_vehicles.php: rows=4
[2026-02-27 15:43:13] get_user_vehicles.php: start URI=/automall%20proj/backend/api/get_user_vehicles.php?page=1&limit=200
[2026-02-27 15:43:13] get_user_vehicles.php: user_id=2 role=Staff
[2026-02-27 15:43:13] get_user_vehicles.php: rows=4
[2026-02-27 15:43:14] get_user_vehicles.php: start URI=/automall%20proj/backend/api/get_user_vehicles.php?page=1&limit=200
[2026-02-27 15:43:14] get_user_vehicles.php: user_id=2 role=Staff
[2026-02-27 15:43:14] get_user_vehicles.php: rows=4
[2026-02-27 15:43:15] get_user_vehicles.php: start URI=/automall%20proj/backend/api/get_user_vehicles.php?page=1&limit=200
[2026-02-27 15:43:15] get_user_vehicles.php: user_id=2 role=Staff
[2026-02-27 15:43:15] get_user_vehicles.php: rows=4
[2026-02-27 15:43:17] get_user_vehicles.php: start URI=/automall%20proj/backend/api/get_user_vehicles.php?page=1&limit=200
[2026-02-27 15:43:17] get_user_vehicles.php: user_id=2 role=Staff
[2026-02-27 15:43:17] get_user_vehicles.php: rows=4
[2026-02-27 15:43:19] get_user_vehicles.php: start URI=/automall%20proj/backend/api/get_user_vehicles.php?page=1&limit=200
[2026-02-27 15:43:19] get_user_vehicles.php: user_id=2 role=Staff
[2026-02-27 15:43:19] get_user_vehicles.php: rows=4
[2026-02-27 15:44:10] get_user_vehicles.php: start URI=/automall%20proj/backend/api/get_user_vehicles.php?page=1&limit=200
[2026-02-27 15:44:10] get_user_vehicles.php: user_id=2 role=Staff
[2026-02-27 15:44:10] get_user_vehicles.php: rows=4
[2026-02-27 15:46:54] get_user_vehicles.php: start URI=/automall%20proj/backend/api/get_user_vehicles.php?page=1&limit=200
[2026-02-27 15:46:54] get_user_vehicles.php: user_id=2 role=Staff
[2026-02-27 15:46:54] get_user_vehicles.php: rows=4
[2026-02-27 15:46:55] get_user_vehicles.php: start URI=/automall%20proj/backend/api/get_user_vehicles.php?page=1&limit=200
[2026-02-27 15:46:55] get_user_vehicles.php: user_id=2 role=Staff
[2026-02-27 15:46:55] get_user_vehicles.php: rows=4
[2026-02-27 15:47:01] get_user_vehicles.php: start URI=/automall%20proj/backend/api/get_user_vehicles.php?page=1&limit=200
[2026-02-27 15:47:01] get_user_vehicles.php: user_id=2 role=Staff
[2026-02-27 15:47:01] get_user_vehicles.php: rows=4
[2026-02-27 15:47:02] get_user_vehicles.php: start URI=/automall%20proj/backend/api/get_user_vehicles.php?page=1&limit=200
[2026-02-27 15:47:02] get_user_vehicles.php: user_id=2 role=Staff
[2026-02-27 15:47:02] get_user_vehicles.php: rows=4
[2026-02-27 16:01:58] get_user_vehicles.php: start URI=/automall%20proj/backend/api/get_user_vehicles.php?page=1&limit=200
[2026-02-27 16:01:58] get_user_vehicles.php: user_id=2 role=Staff
[2026-02-27 16:01:58] get_user_vehicles.php: rows=4
